<?xml version="1.0" encoding="UTF-8"?>
<!-- Generated by org.testng.reporters.JUnitReportReporter -->
<testsuite skipped="0" hostname="Gilani-LG" name="com.actitime.tests.ValidLoginLogoutTest" tests="1" failures="0" timestamp="02 Feb 2020 02:51:53 GMT" time="29.772" errors="0">
  <testcase name="testValidLoginLogout" time="29.772" classname="com.actitime.tests.ValidLoginLogoutTest"/>
</testsuite> <!-- com.actitime.tests.ValidLoginLogoutTest -->
