<?xml version="1.0" encoding="UTF-8"?>
<!-- Generated by org.testng.reporters.JUnitReportReporter -->
<testsuite skipped="0" hostname="Gilani-LG" name="com.actitime.tests.InvalidLoginTest" tests="1" failures="0" timestamp="02 Feb 2020 02:51:53 GMT" time="37.533" errors="0">
  <testcase name="testInvalidLogin" time="37.533" classname="com.actitime.tests.InvalidLoginTest"/>
</testsuite> <!-- com.actitime.tests.InvalidLoginTest -->
