<?xml version="1.0" encoding="UTF-8"?>
<!-- Generated by org.testng.reporters.JUnitReportReporter -->
<testsuite skipped="0" hostname="Gilani-LG" name="com.actitime.tests.ValidLoginLogoutTest" tests="1" failures="0" timestamp="01 Feb 2020 03:34:41 GMT" time="42.903" errors="0">
  <testcase name="testValidLoginLogout" time="42.903" classname="com.actitime.tests.ValidLoginLogoutTest"/>
</testsuite> <!-- com.actitime.tests.ValidLoginLogoutTest -->
